# JRE version: OpenJDK Runtime Environment Zulu21.34+19-CA (21.0.3+9) (build 21.0.3+9-LTS)
# Java VM: OpenJDK 64-Bit Server VM Zulu21.34+19-CA (21.0.3+9-LTS, mixed mode, sharing, tiered, compressed oops, compressed class ptrs, g1 gc, linux-amd64)
Heap:
 garbage-first heap   total 811008K, used 264396K [0x0000000700000000, 0x0000000800000000)
  region size 2048K, 83 young (169984K), 3 survivors (6144K)
 Metaspace       used 68127K, committed 69056K, reserved 1114112K
  class space    used 8481K, committed 8896K, reserved 1048576K
GC Heap History (20 events):
Event: 795.113 GC heap before
{Heap before GC invocations=83 (full 0):
 garbage-first heap   total 811008K, used 577278K [0x0000000700000000, 0x0000000800000000)
  region size 2048K, 237 young (485376K), 4 survivors (8192K)
 Metaspace       used 67490K, committed 68416K, reserved 1114112K
  class space    used 8379K, committed 8768K, reserved 1048576K
}
Event: 795.120 GC heap after
{Heap after GC invocations=84 (full 0):
 garbage-first heap   total 811008K, used 99877K [0x0000000700000000, 0x0000000800000000)
  region size 2048K, 3 young (6144K), 3 survivors (6144K)
 Metaspace       used 67490K, committed 68416K, reserved 1114112K
  class space    used 8379K, committed 8768K, reserved 1048576K
}
Event: 799.801 GC heap before
{Heap before GC invocations=84 (full 0):
 garbage-first heap   total 811008K, used 579109K [0x0000000700000000, 0x0000000800000000)
  region size 2048K, 237 young (485376K), 3 survivors (6144K)
 Metaspace       used 67494K, committed 68416K, reserved 1114112K
  class space    used 8379K, committed 8768K, reserved 1048576K
}
Event: 799.809 GC heap after
{Heap after GC invocations=85 (full 0):
 garbage-first heap   total 811008K, used 100430K [0x0000000700000000, 0x0000000800000000)
  region size 2048K, 4 young (8192K), 4 survivors (8192K)
 Metaspace       used 67494K, committed 68416K, reserved 1114112K
  class space    used 8379K, committed 8768K, reserved 1048576K
}
Event: 802.085 GC heap before
{Heap before GC invocations=85 (full 0):
 garbage-first heap   total 811008K, used 577614K [0x0000000700000000, 0x0000000800000000)
  region size 2048K, 237 young (485376K), 4 survivors (8192K)
 Metaspace       used 67495K, committed 68416K, reserved 1114112K
  class space    used 8379K, committed 8768K, reserved 1048576K
}
Event: 802.091 GC heap after
{Heap after GC invocations=86 (full 0):
 garbage-first heap   total 811008K, used 100446K [0x0000000700000000, 0x0000000800000000)
  region size 2048K, 4 young (8192K), 4 survivors (8192K)
 Metaspace       used 67495K, committed 68416K, reserved 1114112K
  class space    used 8379K, committed 8768K, reserved 1048576K
}
Event: 807.602 GC heap before
{Heap before GC invocations=86 (full 0):
 garbage-first heap   total 811008K, used 577630K [0x0000000700000000, 0x0000000800000000)
  region size 2048K, 237 young (485376K), 4 survivors (8192K)
 Metaspace       used 67498K, committed 68416K, reserved 1114112K
  class space    used 8379K, committed 8768K, reserved 1048576K
}
Event: 807.608 GC heap after
{Heap after GC invocations=87 (full 0):
 garbage-first heap   total 811008K, used 99909K [0x0000000700000000, 0x0000000800000000)
  region size 2048K, 3 young (6144K), 3 survivors (6144K)
 Metaspace       used 67498K, committed 68416K, reserved 1114112K
  class space    used 8379K, committed 8768K, reserved 1048576K
}
Event: 882.334 GC heap before
{Heap before GC invocations=87 (full 0):
 garbage-first heap   total 811008K, used 585285K [0x0000000700000000, 0x0000000800000000)
  region size 2048K, 237 young (485376K), 3 survivors (6144K)
 Metaspace       used 67630K, committed 68544K, reserved 1114112K
  class space    used 8405K, committed 8832K, reserved 1048576K
}
Event: 882.340 GC heap after
{Heap after GC invocations=88 (full 0):
 garbage-first heap   total 811008K, used 103291K [0x0000000700000000, 0x0000000800000000)
  region size 2048K, 4 young (8192K), 4 survivors (8192K)
 Metaspace       used 67630K, committed 68544K, reserved 1114112K
  class space    used 8405K, committed 8832K, reserved 1048576K
}
Event: 949.898 GC heap before
{Heap before GC invocations=88 (full 0):
 garbage-first heap   total 811008K, used 580475K [0x0000000700000000, 0x0000000800000000)
  region size 2048K, 237 young (485376K), 4 survivors (8192K)
 Metaspace       used 67736K, committed 68672K, reserved 1114112K
  class space    used 8411K, committed 8832K, reserved 1048576K
}
Event: 949.904 GC heap after
{Heap after GC invocations=89 (full 0):
 garbage-first heap   total 811008K, used 102984K [0x0000000700000000, 0x0000000800000000)
  region size 2048K, 4 young (8192K), 4 survivors (8192K)
 Metaspace       used 67736K, committed 68672K, reserved 1114112K
  class space    used 8411K, committed 8832K, reserved 1048576K
}
Event: 951.311 GC heap before
{Heap before GC invocations=89 (full 0):
 garbage-first heap   total 811008K, used 580168K [0x0000000700000000, 0x0000000800000000)
  region size 2048K, 237 young (485376K), 4 survivors (8192K)
 Metaspace       used 67737K, committed 68672K, reserved 1114112K
  class space    used 8411K, committed 8832K, reserved 1048576K
}
Event: 951.315 GC heap after
{Heap after GC invocations=90 (full 0):
 garbage-first heap   total 811008K, used 102701K [0x0000000700000000, 0x0000000800000000)
  region size 2048K, 4 young (8192K), 4 survivors (8192K)
 Metaspace       used 67737K, committed 68672K, reserved 1114112K
  class space    used 8411K, committed 8832K, reserved 1048576K
}
Event: 953.698 GC heap before
{Heap before GC invocations=90 (full 0):
 garbage-first heap   total 811008K, used 579885K [0x0000000700000000, 0x0000000800000000)
  region size 2048K, 237 young (485376K), 4 survivors (8192K)
 Metaspace       used 67737K, committed 68672K, reserved 1114112K
  class space    used 8411K, committed 8832K, reserved 1048576K
}
Event: 953.703 GC heap after
{Heap after GC invocations=91 (full 0):
 garbage-first heap   total 811008K, used 102952K [0x0000000700000000, 0x0000000800000000)
  region size 2048K, 4 young (8192K), 4 survivors (8192K)
 Metaspace       used 67737K, committed 68672K, reserved 1114112K
  class space    used 8411K, committed 8832K, reserved 1048576K
}
Event: 955.521 GC heap before
{Heap before GC invocations=91 (full 0):
 garbage-first heap   total 811008K, used 580136K [0x0000000700000000, 0x0000000800000000)
  region size 2048K, 237 young (485376K), 4 survivors (8192K)
 Metaspace       used 67739K, committed 68672K, reserved 1114112K
  class space    used 8411K, committed 8832K, reserved 1048576K
}
Event: 955.525 GC heap after
{Heap after GC invocations=92 (full 0):
 garbage-first heap   total 811008K, used 102550K [0x0000000700000000, 0x0000000800000000)
  region size 2048K, 3 young (6144K), 3 survivors (6144K)
 Metaspace       used 67739K, committed 68672K, reserved 1114112K
  class space    used 8411K, committed 8832K, reserved 1048576K
}
Event: 958.175 GC heap before
{Heap before GC invocations=92 (full 0):
 garbage-first heap   total 811008K, used 581782K [0x0000000700000000, 0x0000000800000000)
  region size 2048K, 237 young (485376K), 3 survivors (6144K)
 Metaspace       used 67741K, committed 68672K, reserved 1114112K
  class space    used 8411K, committed 8832K, reserved 1048576K
}
Event: 958.179 GC heap after
{Heap after GC invocations=93 (full 0):
 garbage-first heap   total 811008K, used 102604K [0x0000000700000000, 0x0000000800000000)
  region size 2048K, 3 young (6144K), 3 survivors (6144K)
 Metaspace       used 67741K, committed 68672K, reserved 1114112K
  class space    used 8411K, committed 8832K, reserved 1048576K
}

